Log file open, 04/19/21 22:09:03
LogInit:Display: Running engine for game: RN4UE4_Sample
LogPlatformFile: Not using cached read wrapper
LogInit:Display: RandInit(-280265873) SRandInit(-280265865).
LogTaskGraph: Started task graph with 4 named threads and 7 total threads with 1 sets of task threads.
LogStats: Stats thread started at 0.540364
OCULUS: Info: OVRInterface plugin library location: C:\Program Files\Oculus\Support\oculus-runtime\client-plugins\x64
OCULUS: Info: OVRInterface plugin libraries:
  <none>

OCULUS: Info: OVRInterface classes and interfaces:
    Class Id: 0x192ed17193ef5e74, class Name: OpenXRExtensionRuntime
      Interface Id: 0x223362abe367d30a
    Class Id: 0xb00b00067332ab1, class Name: OVRExtensionAddition
      Interface Id: 0xb00b00053345520

OCULUS: Info: LibOVR module is located at C:\Program Files\Oculus\Support\oculus-runtime\LibOVRRT64_1.dll
OCULUS: Info: Connected to the server running version (prod = 1).1.59.0(build = 0) feature version = 0. Client runs version (prod = 1).1.59.0(build = 0) feature version = 0
LogInit: Version: 4.12.5-3039270+++UE4+Release-4.12
LogInit: API Version: 2992821
LogInit: Net Version: 3039270
LogDevObjectVersion: Number of dev versions registered: 13
LogDevObjectVersion:   Dev-Blueprints (B0D832E4-1F89-4F0D-ACCF-7EB736FD4AA2): 3
LogDevObjectVersion:   Dev-Build (E1C64328-A22C-4D53-A36C-8E866417BD8C): 0
LogDevObjectVersion:   Dev-Core (375EC13C-06E4-48FB-B500-84F0262A717E): 1
LogDevObjectVersion:   Dev-Editor (E4B068ED-F494-42E9-A231-DA0B2E46BB41): 2
LogDevObjectVersion:   Dev-Framework (CFFC743F-43B0-4480-9391-14DF171D2073): 6
LogDevObjectVersion:   Dev-Mobile (B02B49B5-BB20-44E9-A304-32B752E40360): 0
LogDevObjectVersion:   Dev-Networking (A4E4105C-59A1-49B5-A7C5-40C4547EDFEE): 0
LogDevObjectVersion:   Dev-Online (39C831C9-5AE6-47DC-9A44-9C173E1C8E7C): 0
LogDevObjectVersion:   Dev-Physics (78F01B33-EBEA-4F98-B9B4-84EACCB95AA2): 0
LogDevObjectVersion:   Dev-Platform (6631380F-2D4D-43E0-8009-CF276956A95A): 0
LogDevObjectVersion:   Dev-Rendering (12F88B9F-8875-4AFC-A67C-D90C383ABD29): 2
LogDevObjectVersion:   Dev-Sequencer (7B5AE74C-D270-4C10-A958-57980B212A5A): 0
LogDevObjectVersion:   Dev-VR (D7296918-1DD6-4BDD-9DE2-64A83CC13884): 0
LogInit: Compiled (64-bit): Jul  6 2016 09:09:46
LogInit: Compiled with Visual C++: 19.00.23026.00
LogInit: Build Configuration: DebugGame
LogInit: Branch Name: ++UE4+Release-4.12
LogInit: Command line:  -debug
LogInit: Base directory: C:/Program Files/Epic Games/UE_4.12/Engine/Binaries/Win64/
LogInit: Installed Engine Build: 1
LogInit: Using libcurl 7.41.0
LogInit:  - built for x86_64-pc-win32
LogInit:  - supports SSL with WinSSL
LogInit:  - other features:
LogInit:      CURL_VERSION_SSL
LogInit:      CURL_VERSION_IPV6
LogInit:      CURL_VERSION_ASYNCHDNS
LogInit:      CURL_VERSION_LARGEFILE
LogInit:      CURL_VERSION_IDN
LogInit:  CurlRequestOptions (configurable via config and command line):
LogInit:  - bVerifyPeer = true  - Libcurl will verify peer certificate
LogInit:  - bUseHttpProxy = false  - Libcurl will NOT use HTTP proxy
LogInit:  - bDontReuseConnections = false  - Libcurl will reuse connections
LogInit:  - CertBundlePath = nullptr  - Libcurl will use whatever was configured at build time.
LogInit: Presizing for max 8388607 objects, including 0 objects not considered by GC, pre-allocating 0 bytes for permanent pool.
LogInit: Object subsystem initialized
[2021.04.20-02.09.07:934][  0]LogInit: Selected Device Profile: [Windows]
[2021.04.20-02.09.07:946][  0]LogInit: Applying CVar settings loaded from the selected device profile: [Windows]
[2021.04.20-02.09.08:260][  0]LogInit: Computer: DESKTOP-OD401JU
[2021.04.20-02.09.08:260][  0]LogInit: User: simon
[2021.04.20-02.09.08:260][  0]LogInit: CPU Page size=65536, Cores=4
[2021.04.20-02.09.08:260][  0]LogInit: High frequency timer resolution =10.000000 MHz
[2021.04.20-02.09.08:306][  0]LogMemory: Memory total: Physical=31.9GB (32GB approx)
[2021.04.20-02.09.08:353][  0]LogMemory: Platform Memory Stats for Windows
[2021.04.20-02.09.08:353][  0]LogMemory: Process Physical Memory: 197.20 MB used, 197.20 MB peak
[2021.04.20-02.09.08:353][  0]LogMemory: Process Virtual Memory: 199.23 MB used, 199.23 MB peak
[2021.04.20-02.09.08:353][  0]LogMemory: Physical Memory: 11637.97 MB used, 32669.38 MB total
[2021.04.20-02.09.08:354][  0]LogMemory: Virtual Memory: 4711.64 MB used, 134217728.00 MB total
[2021.04.20-02.09.12:650][  0]LogTextLocalizationManager: No specific translations for ('en-US') exist, so ('en') translations will be used.
[2021.04.20-02.09.16:548][  0]LogD3D11RHI: D3D11 adapters:
[2021.04.20-02.09.17:129][  0]LogD3D11RHI:    0. 'NVIDIA GeForce GTX 1060 6GB' (Feature Level 11_0)
[2021.04.20-02.09.17:129][  0]LogD3D11RHI:       6052/0/16334 MB DedicatedVideo/DedicatedSystem/SharedSystem, Outputs:1, VendorId:0x10de
[2021.04.20-02.09.17:216][  0]LogD3D11RHI:    1. 'Intel(R) HD Graphics 630' (Feature Level 11_0)
[2021.04.20-02.09.17:216][  0]LogD3D11RHI:       128/0/16334 MB DedicatedVideo/DedicatedSystem/SharedSystem, Outputs:0, VendorId:0x8086
[2021.04.20-02.09.17:271][  0]LogD3D11RHI:    2. 'Microsoft Basic Render Driver' (Feature Level 11_0)
[2021.04.20-02.09.17:271][  0]LogD3D11RHI:       0/0/16334 MB DedicatedVideo/DedicatedSystem/SharedSystem, Outputs:0, VendorId:0x1414
[2021.04.20-02.09.17:271][  0]LogD3D11RHI: Chosen D3D11 Adapter: 0
[2021.04.20-02.09.17:418][  0]LogD3D11RHI: Creating new Direct3DDevice
[2021.04.20-02.09.17:418][  0]LogD3D11RHI:     GPU DeviceId: 0x1c03 (for the marketing name, search the web for "GPU Device Id")
[2021.04.20-02.09.17:442][  0]LogWindows: EnumDisplayDevices:
[2021.04.20-02.09.17:442][  0]LogWindows:    0. 'NVIDIA GeForce GTX 1060 6GB' (P:1 D:1)
[2021.04.20-02.09.17:443][  0]LogWindows:    1. 'NVIDIA GeForce GTX 1060 6GB' (P:0 D:0)
[2021.04.20-02.09.17:443][  0]LogWindows:    2. 'NVIDIA GeForce GTX 1060 6GB' (P:0 D:0)
[2021.04.20-02.09.17:444][  0]LogWindows:    3. 'NVIDIA GeForce GTX 1060 6GB' (P:0 D:0)
[2021.04.20-02.09.17:444][  0]LogWindows:    4. 'Intel(R) HD Graphics 630' (P:0 D:0)
[2021.04.20-02.09.17:445][  0]LogWindows:    5. 'Intel(R) HD Graphics 630' (P:0 D:0)
[2021.04.20-02.09.17:445][  0]LogWindows:    6. 'Intel(R) HD Graphics 630' (P:0 D:0)
[2021.04.20-02.09.17:445][  0]LogWindows: DebugString: GetVideoDriverDetailsInvalid PrimaryIsNotTheChoosenAdapter GetVideoDriverDetailsInvalid PrimaryIsNotTheChoosenAdapter GetVideoDriverDetailsInvalid PrimaryIsNotTheChoosenAdapter GetVideoDriverDetailsInvalid PrimaryIsNotTheChoosenAdapter GetVideoDriverDetailsInvalid PrimaryIsNotTheChoosenAdapter GetVideoDriverDetailsInvalid PrimaryIsNotTheChoosenAdapter GetVideoDriverDetailsInvalid PrimaryIsNotTheChoosenAdapter FoundDriverCount:0 
[2021.04.20-02.09.17:460][  0]LogD3D11RHI:     Adapter Name: NVIDIA GeForce GTX 1060 6GB
[2021.04.20-02.09.17:460][  0]LogD3D11RHI:   Driver Version: Unknown (internal:Unknown, unified:Unknown)
[2021.04.20-02.09.17:460][  0]LogD3D11RHI:      Driver Date: Unknown
[2021.04.20-02.09.17:477][  0]LogRHI: Texture pool is 1361 MB (70% of 1945 MB)
[2021.04.20-02.09.17:540][  0]LogD3D11RHI: Async texture creation enabled
[2021.04.20-02.09.19:826][  0]LogD3D11RHI: GPU Timing Frequency: 1000.000000 (Debug: 2 2)
[2021.04.20-02.09.20:313][  0]LogShaderCompilers: Guid format shader working directory is -29 characters bigger than the processId version (../../../../../../Users/simon/Desktop/NetworkingFinalProject/RN4UE4_Sample/Intermediate/Shaders/WorkingDirectory/10724/).
[2021.04.20-02.09.20:313][  0]LogShaderCompilers: Cleaned the shader compiler working directory 'C:/Users/simon/AppData/Local/Temp/UnrealShaderWorkingDir/9B2933FD4FAFA8F217AFF7A6D0BFCB35/'.
[2021.04.20-02.09.20:334][  0]LogShaderCompilers:Display: Using Local Shader Compiler.
[2021.04.20-02.09.39:647][  0]LogTemp:Display: Loaded TP AllDesktopTargetPlatform
[2021.04.20-02.09.39:661][  0]LogTemp:Display: Loaded TP WindowsClientTargetPlatform
[2021.04.20-02.09.39:674][  0]LogTemp:Display: Loaded TP WindowsNoEditorTargetPlatform
[2021.04.20-02.09.39:687][  0]LogTemp:Display: Loaded TP WindowsServerTargetPlatform
[2021.04.20-02.09.39:701][  0]LogTemp:Display: Loaded TP WindowsTargetPlatform
[2021.04.20-02.09.39:714][  0]LogTemp:Display: Loaded TP AndroidTargetPlatform
[2021.04.20-02.09.39:727][  0]LogTemp:Display: Loaded TP Android_ASTCTargetPlatform
[2021.04.20-02.09.39:738][  0]LogTemp:Display: Loaded TP Android_ATCTargetPlatform
[2021.04.20-02.09.39:750][  0]LogTemp:Display: Loaded TP Android_DXTTargetPlatform
[2021.04.20-02.09.39:762][  0]LogTemp:Display: Loaded TP Android_ETC1TargetPlatform
[2021.04.20-02.09.39:774][  0]LogTemp:Display: Loaded TP Android_ETC2TargetPlatform
[2021.04.20-02.09.39:799][  0]LogTemp:Display: Loaded TP Android_MultiTargetPlatform
[2021.04.20-02.09.39:799][  0]LogTemp:Display: Loaded TP Android_PVRTCTargetPlatform
[2021.04.20-02.09.39:805][  0]LogTemp:Display: Loaded TP HTML5TargetPlatform
[2021.04.20-02.09.39:885][  0]LogTemp:Display: Loaded TP IOSTargetPlatform
[2021.04.20-02.09.39:895][  0]LogTemp:Display: Loaded TP TVOSTargetPlatform
[2021.04.20-02.09.39:907][  0]LogTemp:Display: Loaded TP LinuxNoEditorTargetPlatform
[2021.04.20-02.09.39:918][  0]LogTemp:Display: Loaded TP LinuxServerTargetPlatform
[2021.04.20-02.09.39:944][  0]LogTemp:Display: Loaded TP LinuxTargetPlatform
[2021.04.20-02.09.39:944][  0]LogTargetPlatformManager:Display: Building Assets For Windows
[2021.04.20-02.09.40:974][  0]LogDerivedDataCache:Display: Max Cache Size: 512 MB
[2021.04.20-02.09.40:974][  0]LogDerivedDataCache:Display: Starting with empty Boot cache
[2021.04.20-02.09.40:975][  0]LogDerivedDataCache: FDerivedDataBackendGraph:  Pak pak cache file ../../../../../../Users/simon/Desktop/NetworkingFinalProject/RN4UE4_Sample/DerivedDataCache/DDC.ddp not found, will not use a pak cache.
[2021.04.20-02.09.40:975][  0]LogDerivedDataCache: Unable to find inner node Pak for hierarchical cache Hierarchy.
[2021.04.20-02.09.40:975][  0]LogDerivedDataCache: FDerivedDataBackendGraph:  CompressedPak pak cache file ../../../../../../Users/simon/Desktop/NetworkingFinalProject/RN4UE4_Sample/DerivedDataCache/Compressed.ddp not found, will not use a pak cache.
[2021.04.20-02.09.40:975][  0]LogDerivedDataCache: Unable to find inner node CompressedPak for hierarchical cache Hierarchy.
[2021.04.20-02.09.41:079][  0]LogDerivedDataCache:Display: Pak cache opened for reading ../../../Engine/DerivedDataCache/Compressed.ddp.
[2021.04.20-02.09.41:095][  0]LogDerivedDataCache: Using Local data cache path C:/Users/simon/AppData/Local/UnrealEngine/Common/DerivedDataCache: Writable
[2021.04.20-02.09.49:353][  0]LogInit: Selected Device Profile: [Windows]
[2021.04.20-02.09.49:428][  0]LogTexture:Display: Building textures: S_Actor (BGRA8)
[2021.04.20-02.09.49:465][  0]LogContentStreaming: Texture pool size is 0.00 MB
[2021.04.20-02.09.49:576][  0]LogTexture:Display: Building textures: S_Emitter (BGRA8)
[2021.04.20-02.09.49:876][  0]LogTexture:Display: Building textures: AICON-Red (AutoDXT)
[2021.04.20-02.09.49:995][  0]LogTexture:Display: Building textures: AICON-Green (AutoDXT)
[2021.04.20-02.09.52:120][  0]LogTexture:Display: Building textures: DefaultTexture (DXT1)
[2021.04.20-02.09.52:403][  0]LogTexture:Display: Building textures: T_Default_Material_Grid_M (AutoDXT)
[2021.04.20-02.09.52:677][  0]LogTexture:Display: Building textures: T_Default_Material_Grid_N (BC5)
[2021.04.20-02.09.54:482][  0]LogTexture:Display: Building textures: DefaultDiffuse (AutoDXT)
[2021.04.20-02.09.56:293][  0]LogTexture:Display: Building textures: WhiteSquareTexture (AutoDXT)
[2021.04.20-02.09.59:558][  0]LogTexture:Display: Building textures: S_LevelSequence (BGRA8)
[2021.04.20-02.10.01:381][  0]LogTexture:Display: Building textures: Bad (BGRA8)
[2021.04.20-02.10.01:651][  0]LogMeshUtilities: No automatic mesh reduction module available
[2021.04.20-02.10.01:652][  0]LogMeshUtilities: No automatic mesh merging module available
[2021.04.20-02.10.01:652][  0]LogMeshUtilities: No distributed automatic mesh merging module available
[2021.04.20-02.10.02:434][  0]LogTexture:Display: Building textures: Default (BGRA8)
[2021.04.20-02.10.02:479][  0]LogTexture:Display: Building textures: VR-Basic (BGRA8)
[2021.04.20-02.10.03:392][  0]LogTexture:Display: Building textures: Grid (AutoDXT)
[2021.04.20-02.10.03:696][  0]LogTexture:Display: Building textures: DaylightAmbientCubemap (RGBA16F)
[2021.04.20-02.10.10:285][  0]LogTexture:Display: Building textures: PSysThumbnail_NoImage (AutoDXT)
[2021.04.20-02.10.10:348][  0]LogTexture:Display: Building textures: PSysThumbnail_OOD (AutoDXT)
[2021.04.20-02.10.10:512][  0]LogTexture:Display: Building textures: S_DecalActorIcon (AutoDXT)
[2021.04.20-02.10.10:802][  0]LogTexture:Display: Building textures: S_Terrain (BGRA8)
[2021.04.20-02.10.11:330][  0]LogTexture:Display: Building textures: MatineeCam_D (AutoDXT)
[2021.04.20-02.10.11:684][  0]LogTexture:Display: Building textures: flipbook (AutoDXT)
[2021.04.20-02.10.11:738][  0]LogTexture:Display: Building textures: T_EditorHelp (AutoDXT)
[2021.04.20-02.10.12:837][  0]LogTexture:Display: Building textures: S_ExpoHeightFog (BGRA8)
[2021.04.20-02.10.12:872][  0]LogTexture:Display: Building textures: S_NavP (BGRA8)
[2021.04.20-02.10.12:896][  0]LogTexture:Display: Building textures: S_Player (BGRA8)
[2021.04.20-02.10.12:946][  0]LogTexture:Display: Building textures: SkyLight (BGRA8)
[2021.04.20-02.10.13:008][  0]LogTexture:Display: Building textures: S_WindDirectional (AutoDXT)
[2021.04.20-02.10.13:833][  0]LogTexture:Display: Building textures: S_LightDirectional (BGRA8)
[2021.04.20-02.10.13:886][  0]LogTexture:Display: Building textures: S_LightDirectionalMove (BGRA8)
[2021.04.20-02.10.13:961][  0]LogTexture:Display: Building textures: S_LightPoint (BGRA8)
[2021.04.20-02.10.14:020][  0]LogTexture:Display: Building textures: S_LightPointMove (BGRA8)
[2021.04.20-02.10.14:057][  0]LogTexture:Display: Building textures: S_LightSpot (BGRA8)
[2021.04.20-02.10.14:115][  0]LogTexture:Display: Building textures: S_LightSpotMove (BGRA8)
[2021.04.20-02.10.14:134][  0]LogTexture:Display: Building textures: S_PortalActorIcon2 (AutoDXT)
[2021.04.20-02.10.14:183][  0]LogTexture:Display: Building textures: MatInstActSprite (BGRA8)
[2021.04.20-02.10.14:267][  0]LogTexture:Display: Building textures: SceneManager (BGRA8)
[2021.04.20-02.10.14:349][  0]LogTexture:Display: Building textures: S_NavLink (AutoDXT)
[2021.04.20-02.10.14:414][  0]LogTexture:Display: Building textures: S_Note (BGRA8)
[2021.04.20-02.10.14:572][  0]LogTexture:Display: Building textures: S_ReflActorIcon (AutoDXT)
[2021.04.20-02.10.14:631][  0]LogTexture:Display: Building textures: S_Thruster (BGRA8)
[2021.04.20-02.10.14:675][  0]LogTexture:Display: Building textures: S_RadForce (BGRA8)
[2021.04.20-02.10.14:738][  0]LogTexture:Display: Building textures: TargetIcon (BGRA8)
[2021.04.20-02.10.14:816][  0]LogTexture:Display: Building textures: RobotoDistanceField_PageA (G8)
[2021.04.20-02.10.14:890][  0]LogTexture:Display: Building textures: S_TextRenderActorIcon (AutoDXT)
[2021.04.20-02.10.14:947][  0]LogTexture:Display: Building textures: S_Trigger (BGRA8)
[2021.04.20-02.10.15:016][  0]LogTexture:Display: Building textures: S_VectorFieldVol (BGRA8)
[2021.04.20-02.10.15:074][  0]LogTexture:Display: Building textures: GradientTexture0 (BGRA8)
[2021.04.20-02.10.15:115][  0]LogTexture:Display: Building textures: Black (AutoDXT)
[2021.04.20-02.10.15:308][  0]LogTexture:Display: Building textures: MAT_Groups_Float (AutoDXT)
[2021.04.20-02.10.15:354][  0]LogTexture:Display: Building textures: MAT_Groups_Director (AutoDXT)
[2021.04.20-02.10.15:458][  0]LogTexture:Display: Building textures: MAT_Groups_Event (AutoDXT)
[2021.04.20-02.10.15:487][  0]LogTexture:Display: Building textures: MAT_Groups_Anim (AutoDXT)
[2021.04.20-02.10.15:495][  0]LogTexture:Display: Building textures: MAT_Groups_Fade (AutoDXT)
[2021.04.20-02.10.15:520][  0]LogTexture:Display: Building textures: MAT_Groups_Move (AutoDXT)
[2021.04.20-02.10.15:546][  0]LogTexture:Display: Building textures: MAT_Groups_Slomo (AutoDXT)
[2021.04.20-02.10.15:606][  0]LogTexture:Display: Building textures: MAT_ColorTrack (AutoDXT)
[2021.04.20-02.10.15:623][  0]LogTexture:Display: Building textures: MAT_Groups_Toggle (AutoDXT)
[2021.04.20-02.10.15:631][  0]LogTexture:Display: Building textures: MAT_Groups_AudioMaster (AutoDXT)
[2021.04.20-02.10.15:649][  0]LogTexture:Display: Building textures: MAT_Groups_Sound (AutoDXT)
[2021.04.20-02.10.15:667][  0]LogTexture:Display: Building textures: MAT_Groups_Vector (AutoDXT)
[2021.04.20-02.10.15:693][  0]LogTexture:Display: Building textures: MAT_Groups_Visibility (AutoDXT)
[2021.04.20-02.10.15:735][  0]LogTexture:Display: Building textures: DefaultTextureCube (DXT1)
[2021.04.20-02.10.16:734][  0]LogAssetRegistry: FAssetRegistry took 0.0284 seconds to start up
[2021.04.20-02.10.17:072][  0]LogPackageLocalizationCache: Processed 3 localized package path(s) for 2 prioritized culture(s) in 0.237855 seconds
[2021.04.20-02.10.17:167][  0]LogUObjectArray: 28739 objects as part of root set at end of initial load.
[2021.04.20-02.10.17:167][  0]LogUObjectAllocator: 5855632 out of 0 bytes used by permanent object pool.
[2021.04.20-02.10.17:167][  0]LogUObjectArray: CloseDisregardForGC: 0/0 objects in disregard for GC pool
[2021.04.20-02.10.17:279][  0]LogInit: WinSock: version 1.1 (2.2), MaxSocks=32767, MaxUdp=65467
[2021.04.20-02.10.25:720][  0]LogTexture:Display: Building textures: S_FTest (AutoDXT)
[2021.04.20-02.10.27:805][  0]LogTexture:Display: Building textures: VR_LaserPower_01 (AutoDXT)
[2021.04.20-02.10.28:822][  0]LogTexture:Display: Building textures: GizmoText_RobotoDistanceField_PageA (G8)
[2021.04.20-02.10.29:439][  0]LogTexture:Display: Building textures: UE4_Logo (AutoDXT)
[2021.04.20-02.10.30:726][  0]LogSlate: SlateFontCache - WITH_FREETYPE: 1, WITH_HARFBUZZ: 1
[2021.04.20-02.10.30:726][  0]LogSlate: SlateFontCache - WITH_FREETYPE: 1, WITH_HARFBUZZ: 1
[2021.04.20-02.11.33:608][  0]LogTexture:Display: Building textures: DummySpriteTexture (AutoDXT)
[2021.04.20-02.11.34:387][  0]LogSubstanceCoreModule: Substance CPU Engine Loaded, Max Texture Size 2048
[2021.04.20-02.11.34:626][  0]LogUdpMessaging: Initializing bridge on interface 0.0.0.0:0 to multicast group 230.0.0.1:6666.
[2021.04.20-02.11.39:055][  0]LogTexture:Display: Building textures: MiniFont (AutoDXT)
[2021.04.20-02.11.40:956][  0]SourceControl: Info Source control is disabled
[2021.04.20-02.11.41:098][  0]SourceControl: Info Source control is disabled
[2021.04.20-02.11.41:340][  0]SourceControl: Info Source control is disabled
[2021.04.20-02.11.41:453][  0]SourceControl: Info Source control is disabled
[2021.04.20-02.11.46:376][  0]LogEngine: Initializing Engine...
[2021.04.20-02.11.47:447][  0]LogHMD: SteamVR failed to initialize.  Err: 126
[2021.04.20-02.11.47:491][  0]LogHMD: SteamVR failed to initialize.  Err: 126
[2021.04.20-02.11.47:554][  0]LogHMD: Oculus plugin initialized. Version: 4.12.5-3039270+++UE4+Release-4.12, LibOVR: 1.59.0, SDK: 1.3.2, built Jul  6 2016, 09:11:15
[2021.04.20-02.11.47:801][  0]LogTexture:Display: Building textures: DefaultWhiteGrid (AutoDXT)
[2021.04.20-02.11.49:510][  0]LogTexture:Display: Building textures: InvalidLightmapSettings (AutoDXT)
[2021.04.20-02.11.49:906][  0]LogTexture:Display: Building textures: HeatmapGradient (BGRA8)
[2021.04.20-02.11.49:926][  0]LogTexture:Display: Building textures: PreviewShadowIndicator (BGRA8)
[2021.04.20-02.11.50:015][  0]LogTexture:Display: Building textures: BSPVertex (AutoDXT)
[2021.04.20-02.11.50:017][  0]LogTexture:Display: Building textures: Good64x64TilingNoiseHighFreq (G8)
[2021.04.20-02.11.50:018][  0]LogTexture:Display: Building textures: DefaultBokeh (BGRA8)
[2021.04.20-02.11.50:021][  0]LogTexture:Display: Building textures: PreintegratedSkinBRDF (BGRA8)
[2021.04.20-02.11.50:026][  0]LogTexture:Display: Building textures: WeightMapPlaceholderTexture (BGRA8)
[2021.04.20-02.11.52:606][  0]LogAIModule: Creating AISystem for world NewWorld
[2021.04.20-02.11.53:346][  0]LogInit: XAudio2 using 'Speakers / Headphones (Realtek Audio)' : 2 channels at 48 kHz using 32 bits per sample (channel mask 0x3)
[2021.04.20-02.11.53:664][  0]LogInit: FAudioDevice initialized.
[2021.04.20-02.11.53:698][  0]LogDerivedDataCache: Saved boot cache 0.03s 62MB C:/Users/simon/AppData/Local/UnrealEngine/4.12/DerivedDataCache/Boot.ddc.
[2021.04.20-02.11.53:708][  0]LogInit: Texture streaming: Enabled
[2021.04.20-02.11.54:888][  0]LogInit: Transaction tracking system initialized
[2021.04.20-02.12.02:347][  0]BlueprintLog: New page: Editor Load
[2021.04.20-02.12.09:808][  0]LocalizationService: Info Localization service is disabled
[2021.04.20-02.12.12:166][  0]LogConsoleResponse:Display: 
[2021.04.20-02.12.12:702][  0]LogTexture:Display: Building textures: Cross (AutoDXT)
[2021.04.20-02.12.12:834][  0]LogTexture:Display: Building textures: Tick (AutoDXT)
[2021.04.20-02.12.12:860][  0]LogTexture:Display: Building textures: WidgetGridVertexColorMaterial (AutoDXT)
[2021.04.20-02.12.13:065][  0]LogTexture:Display: Building textures: CASC_None (AutoDXT)
[2021.04.20-02.12.13:066][  0]LogTexture:Display: Building textures: CASC_Cross (AutoDXT)
[2021.04.20-02.12.13:073][  0]LogTexture:Display: Building textures: Texture2D_28 (AutoDXT)
[2021.04.20-02.12.13:083][  0]LogTexture:Display: Building textures: S_KBSJoint (BGRA8)
[2021.04.20-02.12.13:086][  0]LogTexture:Display: Building textures: S_KHinge (BGRA8)
[2021.04.20-02.12.13:090][  0]LogTexture:Display: Building textures: S_KPrismatic (BGRA8)
[2021.04.20-02.12.13:096][  0]LogTexture:Display: Building textures: S_LightError (BGRA8)
[2021.04.20-02.12.13:104][  0]LogTexture:Display: Building textures: T_Loft_Spline (AutoDXT)
[2021.04.20-02.12.13:548][  0]LogTexture:Display: Building textures: DefaultNormal (BC5)
[2021.04.20-02.12.13:709][  0]LogTexture:Display: Building textures: Grid_N (BC5)
[2021.04.20-02.12.13:870][  0]LogTexture:Display: Building textures: PaperDiffuse (AutoDXT)
[2021.04.20-02.12.14:275][  0]LogTexture:Display: Building textures: PaperNormal (BC5)
[2021.04.20-02.12.14:317][  0]LogTexture:Display: Building textures: Texture2D_28 (AutoDXT)
[2021.04.20-02.12.14:326][  0]LogTexture:Display: Building textures: Texture2D_29 (AutoDXT)
[2021.04.20-02.12.14:333][  0]LogTexture:Display: Building textures: StreamingPauseIcon (AutoDXT)
[2021.04.20-02.12.14:699][  0]LogFileCache: Scanning file cache for directory 'C:/Users/simon/Desktop/NetworkingFinalProject/RN4UE4_Sample/Content/' took 0.01s
[2021.04.20-02.12.14:699][  0]LogCook:Display: Max memory allowance for cook 8192mb
[2021.04.20-02.12.14:699][  0]LogCook:Display: Mobile HDR setting 1
[2021.04.20-02.12.17:102][  0]LogTexture:Display: Building textures: Countdown (AutoDXT)
[2021.04.20-02.12.17:109][  0]LogTexture:Display: Building textures: RecordingIndicator (AutoDXT)
[2021.04.20-02.12.18:998][  0]LogTexture:Display: Building textures: DefaultAlphaTexture (BGRA8)
[2021.04.20-02.12.19:462][  0]SourceControl: Info Source control is disabled
[2021.04.20-02.12.19:798][  0]Cmd: MAP LOAD FILE="../../../Engine/Content/Maps/Templates/Template_Default.umap" TEMPLATE=1 SHOWPROGRESS=1 FEATURELEVEL=3
[2021.04.20-02.12.19:878][  0]LightingResults: New page: Lighting Build
[2021.04.20-02.12.20:257][  0]MapCheck: New page: Map Check
[2021.04.20-02.12.20:257][  0]LightingResults: New page: Lighting Build
[2021.04.20-02.12.24:598][  0]LogTexture:Display: Building textures: T_Sky_Clouds_M (BGRA8)
[2021.04.20-02.12.24:838][  0]LogTexture:Display: Building textures: T_Sky_Stars (AutoDXT)
[2021.04.20-02.12.32:670][  0]LogTexture:Display: Building textures: T_Sky_Blue (AutoDXT)
[2021.04.20-02.12.34:706][  0]LogTexture:Display: Building textures: HQ_Lightmap0_1 (AutoDXT)
[2021.04.20-02.12.34:710][  0]LogTexture:Display: Building textures: HQ_Lightmap0_2 (AutoDXT)
[2021.04.20-02.12.34:711][  0]LogTexture:Display: Building textures: HQ_Lightmap1_1 (AutoDXT)
[2021.04.20-02.12.34:715][  0]LogTexture:Display: Building textures: LQ_Lightmap_0_2 (DXT1)
[2021.04.20-02.12.34:716][  0]LogTexture:Display: Building textures: LQ_Lightmap_1_1 (DXT1)
[2021.04.20-02.12.34:740][  0]LogTexture:Display: Building textures: ShadowMapTexture2D_0 (BGRA8)
[2021.04.20-02.12.34:748][  0]LogTexture:Display: Building textures: ShadowMapTexture2D_1 (BGRA8)
[2021.04.20-02.12.34:754][  0]LogTexture:Display: Building textures: ShadowMapTexture2D_2 (BGRA8)
[2021.04.20-02.12.34:811][  0]LogAIModule: Creating AISystem for world Untitled_1
[2021.04.20-02.12.34:814][  0]LogTexture:Display: Building textures: EmptyActor (BGRA8)
[2021.04.20-02.12.35:627][  0]LogEditorServer: Finished looking for orphan Actors (0.000 secs)
[2021.04.20-02.12.35:870][  0]Cmd: MAP CHECKDEP NOCLEARLOG
[2021.04.20-02.12.35:932][  0]MapCheck: Info Map check complete: 0 Error(s), 0 Warning(s), took 62.314ms to complete.
[2021.04.20-02.12.35:933][  0]LogFileHelpers: Loading map 'Template_Default' took 16.406
[2021.04.20-02.12.37:861][  0]LogCollectionManager: Loaded 0 collections in 0.002493 seconds
[2021.04.20-02.12.37:979][  0]LogFileCache: Scanning file cache for directory 'C:/Users/simon/Desktop/NetworkingFinalProject/RN4UE4_Sample/Saved/Collections/' took 0.01s
[2021.04.20-02.12.37:979][  0]LogFileCache: Scanning file cache for directory 'C:/Users/simon/Desktop/NetworkingFinalProject/RN4UE4_Sample/Content/Developers/simon/Collections/' took 0.01s
[2021.04.20-02.12.37:980][  0]LogFileCache: Scanning file cache for directory 'C:/Users/simon/Desktop/NetworkingFinalProject/RN4UE4_Sample/Content/Collections/' took 0.01s
[2021.04.20-02.12.37:980][  0]LogCollectionManager: Rebuilt the GUID cache for 0 collections in 0.000004 seconds
[2021.04.20-02.12.38:063][  0]LogContentBrowser: Native class hierarchy populated in 0.0814 seconds. Added 2064 classes and 377 folders.
[2021.04.20-02.12.38:314][  0]LogStats: UGameplayTagsManager::ConstructGameplayTagTree: Construct from data asset -  0.014 s
[2021.04.20-02.12.38:348][  0]LogStats: UGameplayTagsManager::ConstructGameplayTagTree: GameplayTagTreeChangedEvent.Broadcast -  0.034 s
[2021.04.20-02.12.38:351][  0]LogContentBrowser: Native class hierarchy updated for 'GameplayTags' in 0.0019 seconds. Added 12 classes and 0 folders.
[2021.04.20-02.12.38:384][  0]LogContentBrowser: Native class hierarchy updated for 'WidgetCarousel' in 0.0019 seconds. Added 0 classes and 0 folders.
[2021.04.20-02.12.42:433][  0]LogContentBrowser: Native class hierarchy updated for 'AddContentDialog' in 0.0019 seconds. Added 0 classes and 0 folders.
[2021.04.20-02.12.42:744][  0]LogContentBrowser: Native class hierarchy updated for 'SceneOutliner' in 0.0021 seconds. Added 1 classes and 2 folders.
[2021.04.20-02.12.45:024][  0]LogCrashTracker: Crashtracker disabled due to settings.
[2021.04.20-02.12.45:638][  0]LogTexture:Display: Building textures: Blueprint_64x (BGRA8)
[2021.04.20-02.12.45:639][  0]LogTexture:Display: Building textures: icon_Editor_Preferences_General_40x (BGRA8)
[2021.04.20-02.12.45:641][  0]LogTexture:Display: Building textures: Paper2DSprite_TutorialIcon (BGRA8)
[2021.04.20-02.12.45:642][  0]LogTexture:Display: Building textures: icon_ShowSkeletalMeshes_40x (BGRA8)
[2021.04.20-02.12.45:648][  0]LogTexture:Display: Building textures: Landscape (BGRA8)
[2021.04.20-02.12.45:650][  0]LogTexture:Display: Building textures: Foliage (BGRA8)
[2021.04.20-02.12.46:909][  0]LogContentBrowser: Native class hierarchy updated for 'HierarchicalLODOutliner' in 0.0019 seconds. Added 1 classes and 2 folders.
[2021.04.20-02.12.46:909][  0]LogLoad: Full Startup: 229.49 seconds (BP compile: 1.27 seconds)
[2021.04.20-02.12.46:910][  0]LogExternalProfiler: Found external profiler: VSPerf
[2021.04.20-02.12.46:910][  0]LogExternalProfiler: Using external profiler: VSPerf
[2021.04.20-02.12.47:044][  0]LogOcInput: OculusInput pre-init called
[2021.04.20-02.12.47:072][  0]LogOcInput: OculusInput is initialized. Init status 0. Runtime version: 1.59.0
[2021.04.20-02.12.47:463][  0]LogContentStreaming: Texture pool size now 1000 MB
[2021.04.20-02.12.47:908][  0]LogTexture:Display: Building textures: icon_tab_Levels_40x (BGRA8)
[2021.04.20-02.12.48:521][  0]LogTexture:Display: Building textures: LevelGrid1DStripes (BGRA8)
[2021.04.20-02.12.48:821][  0]LogRenderer: Reallocating scene render targets to support 1208x576 (Frame:2).
[2021.04.20-02.12.49:569][  2]LogAssetRegistry: Asset discovery search completed in 152.8602 seconds
[2021.04.20-02.12.49:569][  2]LogCollectionManager: Rebuilt the object cache for 0 collections in 0.000000 seconds (found 0 objects)
[2021.04.20-02.12.49:615][  2]LogCollectionManager: Fixed up redirectors for 0 collections in 0.045534 seconds (updated 0 objects)
[2021.04.20-02.13.14:231][857]LogAIModule: Creating AISystem for world Level_Ping
[2021.04.20-02.13.14:320][857]Cmd: MAP LOAD FILE="../../../../../../Users/simon/Desktop/NetworkingFinalProject/RN4UE4_Sample/Content/Ping/Level_Ping.umap" TEMPLATE=0 SHOWPROGRESS=1 FEATURELEVEL=3
[2021.04.20-02.13.14:320][857]LightingResults: New page: Lighting Build
[2021.04.20-02.13.14:322][857]LoadErrors: New page: Loading map: Level_Ping.umap
[2021.04.20-02.13.14:323][857]MapCheck: New page: Map Check
[2021.04.20-02.13.14:323][857]LightingResults: New page: Lighting Build
[2021.04.20-02.13.14:409][857]LogEditorServer: Finished looking for orphan Actors (0.000 secs)
[2021.04.20-02.13.14:416][857]Cmd: MAP CHECKDEP NOCLEARLOG
[2021.04.20-02.13.14:466][857]MapCheck: Info Map check complete: 0 Error(s), 0 Warning(s), took 48.437ms to complete.
[2021.04.20-02.13.14:467][857]LogFileHelpers: Loading map 'Level_Ping' took 0.147
[2021.04.20-02.13.18:232][176]LogContentBrowser: Native class hierarchy updated for 'BlueprintGraph' in 0.0021 seconds. Added 111 classes and 0 folders.
[2021.04.20-02.13.19:242][176]LogTexture:Display: Building textures: TilePatine_N (BC5)
[2021.04.20-02.13.19:292][176]LogTexture:Display: Building textures: TilePatine_D (AutoDXT)
[2021.04.20-02.13.47:947][ 82]LogPlayLevel: PlayLevel: No blueprints needed recompiling
[2021.04.20-02.13.47:947][ 82]LogApp: UseVRFocus has changed to 1
[2021.04.20-02.13.47:948][ 82]LogApp: HasVRFocus has changed to 1
[2021.04.20-02.13.47:948][ 82]LogApp: UseVRFocus has changed to 0
[2021.04.20-02.13.47:948][ 82]LogApp: HasVRFocus has changed to 0
[2021.04.20-02.13.47:966][ 82]PIE: New page: PIE session: Level_Ping (Apr 19, 2021, 5:13:47 PM)
[2021.04.20-02.13.47:966][ 82]LogPlayLevel: Creating play world package: /Game/Ping/UEDPIE_0_Level_Ping
[2021.04.20-02.13.47:980][ 82]LogPlayLevel: PIE: StaticDuplicateObject took: (0.015254s)
[2021.04.20-02.13.47:981][ 82]LogAIModule: Creating AISystem for world Level_Ping
[2021.04.20-02.13.47:982][ 82]LogPlayLevel: PIE: World Init took: (0.000937s)
[2021.04.20-02.13.47:982][ 82]LogPlayLevel: PIE: Created PIE world by copying editor world from /Game/Ping/Level_Ping.Level_Ping to /Game/Ping/UEDPIE_0_Level_Ping.Level_Ping (0.017028s)
[2021.04.20-02.13.48:050][ 82]LogApp: UseVRFocus has changed to 1
[2021.04.20-02.13.48:050][ 82]LogApp: HasVRFocus has changed to 1
[2021.04.20-02.13.48:050][ 82]LogApp: UseVRFocus has changed to 0
[2021.04.20-02.13.48:050][ 82]LogApp: HasVRFocus has changed to 0
[2021.04.20-02.13.48:078][ 82]LogInit: XAudio2 using 'Speakers / Headphones (Realtek Audio)' : 2 channels at 48 kHz using 32 bits per sample (channel mask 0x3)
[2021.04.20-02.13.48:112][ 82]LogInit: FAudioDevice initialized.
[2021.04.20-02.13.48:239][ 82]LogWorld: Game class is 'GameMode'
[2021.04.20-02.13.48:317][ 82]LogWorld: Bringing World /Game/Ping/UEDPIE_0_Level_Ping.Level_Ping up for play (max tick rate 0) at 2021.04.19-22.13.48
[2021.04.20-02.13.48:322][ 82]LogWorld: Bringing up level for play took: 0.005982
[2021.04.20-02.13.48:429][ 82]LogContentBrowser: Native class hierarchy updated for 'MovieSceneCapture' in 0.0019 seconds. Added 11 classes and 0 folders.
[2021.04.20-02.13.48:489][ 82]RN4UE4Sample: Server response string length: 40
[2021.04.20-02.13.48:490][ 82]RN4UE4Sample: Server response string: Hello RakNet!!! 中文字あいうえお
[2021.04.20-02.13.48:503][ 82]RN4UE4Sample: Server started, waiting for connections.
[2021.04.20-02.13.48:503][ 82]PIE: Info Play in editor start time for /Game/Ping/UEDPIE_0_Level_Ping -0.396
[2021.04.20-02.13.50:208][274]