Log file open, 04/19/21 19:48:42
LogInit:Display: Running engine for game: RN4UE4_Sample
LogPlatformFile: Not using cached read wrapper
LogInit:Display: RandInit(1390677804) SRandInit(1390677807).
LogTaskGraph: Started task graph with 4 named threads and 7 total threads with 1 sets of task threads.
LogStats: Stats thread started at 4.991004
LogInit:Warning: Incompatible or missing module: UE4Editor-RN4UE4_Sample.dll
Running C:/Program Files/Epic Games/UE_4.12/Engine/Binaries/DotNET/UnrealBuildTool.exe RN4UE4_Sample Development Win64 -project="C:/Users/simon/Desktop/NetworkingFinalProject/RN4UE4_Sample/RN4UE4_Sample.uproject" -editorrecompile -progress -noubtmakefiles -NoHotReloadFromIDE
ERROR: Couldn't find module rules file for module 'RakNet'.
LogInit:Warning: Still incompatible or missing module: UE4Editor-RN4UE4_Sample.dll
LogExit: Preparing to exit.
LogModuleManager: Shutting down and abandoning module DesktopPlatform (15)
LogModuleManager: Shutting down and abandoning module TextureCompressor (14)
LogModuleManager: Shutting down and abandoning module ShaderCore (13)
LogModuleManager: Shutting down and abandoning module Landscape (12)
LogModuleManager: Shutting down and abandoning module SlateRHIRenderer (11)
LogModuleManager: Shutting down and abandoning module OpenGLDrv (10)
LogModuleManager: Shutting down and abandoning module D3D11RHI (9)
LogModuleManager: Shutting down and abandoning module AnimGraphRuntime (8)
LogModuleManager: Shutting down and abandoning module Renderer (7)
LogModuleManager: Shutting down and abandoning module Engine (6)
LogModuleManager: Shutting down and abandoning module CoreUObject (5)
LogModuleManager: Shutting down and abandoning module NetworkFile (4)
LogModuleManager: Shutting down and abandoning module StreamingFile (3)
LogModuleManager: Shutting down and abandoning module SandboxFile (2)
LogModuleManager: Shutting down and abandoning module PakFile (1)
LogExit: Exiting.
Log file closed, 04/19/21 19:49:18
